{"level":"info","message":"Hello from logger","service":"DevOps learning"}
{"level":"info","message":"::1 - - [08/Oct/2025:01:24:03 +0000] \"GET / HTTP/1.1\" 200 17 \"-\" \"curl/8.11.1\"","service":"DevOps learning"}
{"level":"info","message":"::1 - - [08/Oct/2025:01:33:35 +0000] \"GET /health HTTP/1.1\" 500 1297 \"-\" \"Mozilla/5.0 (X11; Linux x86_64) AppleWebKit/537.36 (KHTML, like Gecko) Chrome/140.0.0.0 Safari/537.36\"","service":"DevOps learning"}
{"level":"info","message":"Hello from logger","service":"DevOps learning"}
{"level":"info","message":"::1 - - [08/Oct/2025:01:33:46 +0000] \"GET / HTTP/1.1\" 304 - \"-\" \"Mozilla/5.0 (X11; Linux x86_64) AppleWebKit/537.36 (KHTML, like Gecko) Chrome/140.0.0.0 Safari/537.36\"","service":"DevOps learning"}
{"level":"info","message":"::1 - - [08/Oct/2025:01:33:46 +0000] \"GET /favicon.ico HTTP/1.1\" 404 150 \"-\" \"Mozilla/5.0 (X11; Linux x86_64) AppleWebKit/537.36 (KHTML, like Gecko) Chrome/140.0.0.0 Safari/537.36\"","service":"DevOps learning"}
{"level":"info","message":"::1 - - [08/Oct/2025:01:33:51 +0000] \"GET /api HTTP/1.1\" 200 36 \"-\" \"Mozilla/5.0 (X11; Linux x86_64) AppleWebKit/537.36 (KHTML, like Gecko) Chrome/140.0.0.0 Safari/537.36\"","service":"DevOps learning"}
{"level":"info","message":"::1 - - [08/Oct/2025:01:34:04 +0000] \"GET /api/auth/sign-up HTTP/1.1\" 404 155 \"-\" \"Mozilla/5.0 (X11; Linux x86_64) AppleWebKit/537.36 (KHTML, like Gecko) Chrome/140.0.0.0 Safari/537.36\"","service":"DevOps learning"}
{"level":"info","message":"Hello from logger","service":"DevOps learning"}
{"level":"info","message":"::1 - - [08/Oct/2025:01:47:31 +0000] \"GET / HTTP/1.1\" 200 17 \"-\" \"PostmanRuntime/7.39.1\"","service":"DevOps learning"}
{"level":"info","message":"::1 - - [08/Oct/2025:01:47:36 +0000] \"GET /health HTTP/1.1\" 200 77 \"-\" \"PostmanRuntime/7.39.1\"","service":"DevOps learning"}
{"level":"info","message":"::1 - - [08/Oct/2025:01:47:44 +0000] \"GET /api HTTP/1.1\" 200 36 \"-\" \"PostmanRuntime/7.39.1\"","service":"DevOps learning"}
{"level":"info","message":"::1 - - [08/Oct/2025:01:47:58 +0000] \"POST /api/auth/sign-up HTTP/1.1\" 200 31 \"-\" \"PostmanRuntime/7.39.1\"","service":"DevOps learning"}
{"level":"info","message":"::1 - - [08/Oct/2025:01:48:04 +0000] \"POST /api/auth/sign-in HTTP/1.1\" 200 31 \"-\" \"PostmanRuntime/7.39.1\"","service":"DevOps learning"}
{"level":"info","message":"::1 - - [08/Oct/2025:01:48:08 +0000] \"POST /api/auth/sign-out HTTP/1.1\" 200 32 \"-\" \"PostmanRuntime/7.39.1\"","service":"DevOps learning"}
{"level":"info","message":"::1 - - [08/Oct/2025:02:42:19 +0000] \"POST /api/auth/sign-up HTTP/1.1\" 400 50 \"-\" \"PostmanRuntime/7.39.1\"","service":"DevOps learning"}
{"level":"info","message":"::1 - - [08/Oct/2025:02:42:40 +0000] \"POST /api/auth/sign-up HTTP/1.1\" 400 50 \"-\" \"PostmanRuntime/7.39.1\"","service":"DevOps learning"}
{"level":"info","message":"::1 - - [08/Oct/2025:02:43:27 +0000] \"POST /api/auth/sign-up HTTP/1.1\" 400 50 \"-\" \"PostmanRuntime/7.39.1\"","service":"DevOps learning"}
{"level":"info","message":"::1 - - [08/Oct/2025:02:44:22 +0000] \"POST /api/auth/sign-up HTTP/1.1\" 400 50 \"-\" \"PostmanRuntime/7.39.1\"","service":"DevOps learning"}
{"level":"info","message":"::1 - - [08/Oct/2025:02:45:50 +0000] \"POST /api/auth/sign-up HTTP/1.1\" 400 50 \"-\" \"PostmanRuntime/7.39.1\"","service":"DevOps learning"}
{"level":"info","message":"::1 - - [08/Oct/2025:02:48:25 +0000] \"POST /api/auth/sign-up HTTP/1.1\" 400 50 \"-\" \"PostmanRuntime/7.39.1\"","service":"DevOps learning"}
{"level":"info","message":"User registered successfully: john@example.com","service":"DevOps learning"}
{"level":"info","message":"::1 - - [08/Oct/2025:02:48:57 +0000] \"POST /api/auth/sign-up HTTP/1.1\" 201 110 \"-\" \"PostmanRuntime/7.39.1\"","service":"DevOps learning"}
{"level":"info","message":"::1 - - [08/Oct/2025:02:49:19 +0000] \"POST /api/auth/sign-up HTTP/1.1\" 400 50 \"-\" \"PostmanRuntime/7.39.1\"","service":"DevOps learning"}
{"level":"info","message":"User registered successfully: john@example.com","service":"DevOps learning"}
{"level":"info","message":"::1 - - [08/Oct/2025:02:49:34 +0000] \"POST /api/auth/sign-up HTTP/1.1\" 201 110 \"-\" \"PostmanRuntime/7.39.1\"","service":"DevOps learning"}
{"level":"info","message":"::1 - - [08/Oct/2025:02:49:43 +0000] \"POST /api/auth/sign-up HTTP/1.1\" 400 50 \"-\" \"PostmanRuntime/7.39.1\"","service":"DevOps learning"}
{"level":"info","message":"User registered successfully: john@example.com","service":"DevOps learning"}
{"level":"info","message":"::1 - - [08/Oct/2025:02:52:59 +0000] \"POST /api/auth/sign-up HTTP/1.1\" 201 110 \"-\" \"PostmanRuntime/7.39.1\"","service":"DevOps learning"}
{"level":"error","message":"Error creating the user: TypeError: db.select is not a function","service":"DevOps learning"}
{"level":"error","message":"Signup error TypeError: db.select is not a function","service":"DevOps learning","stack":"Error: TypeError: db.select is not a function\n    at createUser (file:///home/sanju/Projects/devops/DevOps-learning/src/services/auth.service.js:33:15)\n    at signup (file:///home/sanju/Projects/devops/DevOps-learning/src/controllers/auth.controller.js:20:28)\n    at Layer.handleRequest (/home/sanju/Projects/devops/DevOps-learning/node_modules/router/lib/layer.js:152:17)\n    at next (/home/sanju/Projects/devops/DevOps-learning/node_modules/router/lib/route.js:157:13)\n    at Route.dispatch (/home/sanju/Projects/devops/DevOps-learning/node_modules/router/lib/route.js:117:3)\n    at handle (/home/sanju/Projects/devops/DevOps-learning/node_modules/router/index.js:435:11)\n    at Layer.handleRequest (/home/sanju/Projects/devops/DevOps-learning/node_modules/router/lib/layer.js:152:17)\n    at /home/sanju/Projects/devops/DevOps-learning/node_modules/router/index.js:295:15\n    at processParams (/home/sanju/Projects/devops/DevOps-learning/node_modules/router/index.js:582:12)\n    at next (/home/sanju/Projects/devops/DevOps-learning/node_modules/router/index.js:291:5)"}
{"level":"info","message":"::1 - - [08/Oct/2025:03:13:24 +0000] \"POST /api/auth/sign-up HTTP/1.1\" 500 1326 \"-\" \"PostmanRuntime/7.39.1\"","service":"DevOps learning"}
{"level":"error","message":"Error creating the user: Error: Failed query: insert into \"users\" (\"id\", \"name\", \"email\", \"password\", \"role\", \"created_at\", \"updated_at\") values (default, $1, $2, $3, $4, default, default) returning \"id\", \"name\", \"email\", \"role\", \"created_at\"\nparams: sanjeev,sanjeev@gmail.com,$2b$10$x89h8vKfqwh8VuSljDCruuM8iTjZRC8VKzAj21HmJsOKtnIB2a3D2,user","service":"DevOps learning"}
{"level":"error","message":"Signup error Error: Failed query: insert into \"users\" (\"id\", \"name\", \"email\", \"password\", \"role\", \"created_at\", \"updated_at\") values (default, $1, $2, $3, $4, default, default) returning \"id\", \"name\", \"email\", \"role\", \"created_at\"\nparams: sanjeev,sanjeev@gmail.com,$2b$10$x89h8vKfqwh8VuSljDCruuM8iTjZRC8VKzAj21HmJsOKtnIB2a3D2,user","service":"DevOps learning","stack":"Error: Error: Failed query: insert into \"users\" (\"id\", \"name\", \"email\", \"password\", \"role\", \"created_at\", \"updated_at\") values (default, $1, $2, $3, $4, default, default) returning \"id\", \"name\", \"email\", \"role\", \"created_at\"\nparams: sanjeev,sanjeev@gmail.com,$2b$10$x89h8vKfqwh8VuSljDCruuM8iTjZRC8VKzAj21HmJsOKtnIB2a3D2,user\n    at createUser (file:///home/sanju/Projects/devops/DevOps-learning/src/services/auth.service.js:33:15)\n    at process.processTicksAndRejections (node:internal/process/task_queues:105:5)\n    at async signup (file:///home/sanju/Projects/devops/DevOps-learning/src/controllers/auth.controller.js:21:22)"}
{"level":"info","message":"::1 - - [08/Oct/2025:03:16:55 +0000] \"POST /api/auth/sign-up HTTP/1.1\" 500 926 \"-\" \"PostmanRuntime/7.39.1\"","service":"DevOps learning"}
{"level":"info","message":"User sanjeev@gmail.com created successfully","service":"DevOps learning"}
{"level":"info","message":"User registered successfully: sanjeev@gmail.com","service":"DevOps learning"}
{"level":"info","message":"::1 - - [08/Oct/2025:03:20:22 +0000] \"POST /api/auth/sign-up HTTP/1.1\" 201 117 \"-\" \"PostmanRuntime/7.39.1\"","service":"DevOps learning"}
{"level":"error","message":"Error creating the user: Error: Failed query: select \"id\", \"name\", \"email\", \"password\", \"role\", \"created_at\", \"updated_at\" from \"users\" where \"users\".\"email\" = $1 limit $2\nparams: lily@gmail.com,1","service":"DevOps learning"}
{"level":"error","message":"Signup error Error: Failed query: select \"id\", \"name\", \"email\", \"password\", \"role\", \"created_at\", \"updated_at\" from \"users\" where \"users\".\"email\" = $1 limit $2\nparams: lily@gmail.com,1","service":"DevOps learning","stack":"Error: Error: Failed query: select \"id\", \"name\", \"email\", \"password\", \"role\", \"created_at\", \"updated_at\" from \"users\" where \"users\".\"email\" = $1 limit $2\nparams: lily@gmail.com,1\n    at createUser (file:///home/sanju/Projects/devops/DevOps-learning/src/services/auth.service.js:44:15)\n    at process.processTicksAndRejections (node:internal/process/task_queues:105:5)\n    at async signup (file:///home/sanju/Projects/devops/DevOps-learning/src/controllers/auth.controller.js:21:22)"}
{"level":"info","message":"::1 - - [08/Oct/2025:03:22:28 +0000] \"POST /api/auth/sign-up HTTP/1.1\" 500 750 \"-\" \"PostmanRuntime/7.39.1\"","service":"DevOps learning"}
{"level":"info","message":"User lily@gmail.com created successfully","service":"DevOps learning"}
{"level":"info","message":"User registered successfully: lily@gmail.com","service":"DevOps learning"}
{"level":"info","message":"::1 - - [08/Oct/2025:03:22:48 +0000] \"POST /api/auth/sign-up HTTP/1.1\" 201 112 \"-\" \"PostmanRuntime/7.39.1\"","service":"DevOps learning"}
{"level":"info","message":"User signed in successfully: lily@gmail.com","service":"DevOps learning"}
{"level":"info","message":"::1 - - [08/Oct/2025:03:32:23 +0000] \"POST /api/auth/sign-in HTTP/1.1\" 200 111 \"-\" \"PostmanRuntime/7.39.1\"","service":"DevOps learning"}
{"level":"info","message":"User signed in successfully: lily@gmail.com","service":"DevOps learning"}
{"level":"info","message":"::1 - - [08/Oct/2025:03:33:11 +0000] \"POST /api/auth/sign-in HTTP/1.1\" 200 313 \"-\" \"PostmanRuntime/7.39.1\"","service":"DevOps learning"}
{"level":"info","message":"User signed out successfully","service":"DevOps learning"}
{"level":"info","message":"::1 - - [08/Oct/2025:03:34:35 +0000] \"POST /api/auth/sign-out HTTP/1.1\" 200 42 \"-\" \"PostmanRuntime/7.39.1\"","service":"DevOps learning"}
{"ip":"::1","level":"warn","message":"Bot request blocked","path":"/health","service":"DevOps learning","userAgent":"PostmanRuntime/7.39.1"}
{"ip":"::1","level":"warn","message":"Bot request blocked","path":"/api","service":"DevOps learning","userAgent":"PostmanRuntime/7.39.1"}
{"level":"info","message":"::1 - - [08/Oct/2025:05:09:12 +0000] \"GET /health HTTP/1.1\" 200 76 \"-\" \"Mozilla/5.0 (X11; Linux x86_64) AppleWebKit/537.36 (KHTML, like Gecko) Chrome/140.0.0.0 Safari/537.36\"","service":"DevOps learning"}
{"level":"info","message":"::1 - - [08/Oct/2025:05:09:24 +0000] \"GET /api HTTP/1.1\" 304 - \"-\" \"Mozilla/5.0 (X11; Linux x86_64) AppleWebKit/537.36 (KHTML, like Gecko) Chrome/140.0.0.0 Safari/537.36\"","service":"DevOps learning"}
{"ip":"::1","level":"warn","message":"Bot request blocked","path":"/api","service":"DevOps learning","userAgent":"PostmanRuntime/7.39.1"}
{"ip":"::1","level":"info","message":"Development tool request allowed","path":"/api","service":"DevOps learning","userAgent":"PostmanRuntime/7.39.1"}
{"level":"info","message":"::1 - - [08/Oct/2025:05:12:22 +0000] \"GET /api HTTP/1.1\" 200 36 \"-\" \"PostmanRuntime/7.39.1\"","service":"DevOps learning"}
{"ip":"::1","level":"info","message":"Development tool request allowed","path":"/health","service":"DevOps learning","userAgent":"PostmanRuntime/7.39.1"}
{"level":"info","message":"::1 - - [08/Oct/2025:05:12:32 +0000] \"GET /health HTTP/1.1\" 200 75 \"-\" \"PostmanRuntime/7.39.1\"","service":"DevOps learning"}
{"ip":"::1","level":"info","message":"Development tool request allowed","path":"/health","service":"DevOps learning","userAgent":"PostmanRuntime/7.39.1"}
{"level":"info","message":"::1 - - [08/Oct/2025:05:14:05 +0000] \"GET /health HTTP/1.1\" 200 75 \"-\" \"PostmanRuntime/7.39.1\"","service":"DevOps learning"}
{"ip":"::1","level":"info","message":"Development tool request allowed","path":"/health","service":"DevOps learning","userAgent":"PostmanRuntime/7.39.1"}
{"level":"info","message":"::1 - - [08/Oct/2025:05:14:06 +0000] \"GET /health HTTP/1.1\" 200 75 \"-\" \"PostmanRuntime/7.39.1\"","service":"DevOps learning"}
{"ip":"::1","level":"info","message":"Development tool request allowed","path":"/health","service":"DevOps learning","userAgent":"PostmanRuntime/7.39.1"}
{"level":"info","message":"::1 - - [08/Oct/2025:05:14:07 +0000] \"GET /health HTTP/1.1\" 200 75 \"-\" \"PostmanRuntime/7.39.1\"","service":"DevOps learning"}
{"ip":"::1","level":"info","message":"Development tool request allowed","path":"/health","service":"DevOps learning","userAgent":"PostmanRuntime/7.39.1"}
{"level":"info","message":"::1 - - [08/Oct/2025:05:14:08 +0000] \"GET /health HTTP/1.1\" 200 75 \"-\" \"PostmanRuntime/7.39.1\"","service":"DevOps learning"}
{"ip":"::1","level":"info","message":"Development tool request allowed","path":"/health","service":"DevOps learning","userAgent":"PostmanRuntime/7.39.1"}
{"level":"info","message":"::1 - - [08/Oct/2025:05:14:09 +0000] \"GET /health HTTP/1.1\" 200 74 \"-\" \"PostmanRuntime/7.39.1\"","service":"DevOps learning"}
{"ip":"::1","level":"info","message":"Development tool request allowed","path":"/health","service":"DevOps learning","userAgent":"PostmanRuntime/7.39.1"}
{"level":"info","message":"::1 - - [08/Oct/2025:05:14:10 +0000] \"GET /health HTTP/1.1\" 200 75 \"-\" \"PostmanRuntime/7.39.1\"","service":"DevOps learning"}
{"ip":"::1","level":"info","message":"Development tool request allowed","path":"/health","service":"DevOps learning","userAgent":"PostmanRuntime/7.39.1"}
{"level":"info","message":"::1 - - [08/Oct/2025:05:14:10 +0000] \"GET /health HTTP/1.1\" 200 75 \"-\" \"PostmanRuntime/7.39.1\"","service":"DevOps learning"}
{"ip":"::1","level":"info","message":"Development tool request allowed","path":"/health","service":"DevOps learning","userAgent":"PostmanRuntime/7.39.1"}
{"level":"info","message":"::1 - - [08/Oct/2025:05:14:11 +0000] \"GET /health HTTP/1.1\" 200 75 \"-\" \"PostmanRuntime/7.39.1\"","service":"DevOps learning"}
{"ip":"::1","level":"info","message":"Development tool request allowed","path":"/health","service":"DevOps learning","userAgent":"PostmanRuntime/7.39.1"}
{"level":"info","message":"::1 - - [08/Oct/2025:05:14:11 +0000] \"GET /health HTTP/1.1\" 200 75 \"-\" \"PostmanRuntime/7.39.1\"","service":"DevOps learning"}
{"ip":"::1","level":"info","message":"Development tool request allowed","path":"/health","service":"DevOps learning","userAgent":"PostmanRuntime/7.39.1"}
{"level":"info","message":"::1 - - [08/Oct/2025:05:14:11 +0000] \"GET /health HTTP/1.1\" 200 74 \"-\" \"PostmanRuntime/7.39.1\"","service":"DevOps learning"}
{"ip":"::1","level":"info","message":"Development tool request allowed","path":"/health","service":"DevOps learning","userAgent":"PostmanRuntime/7.39.1"}
{"level":"info","message":"::1 - - [08/Oct/2025:05:14:12 +0000] \"GET /health HTTP/1.1\" 200 76 \"-\" \"PostmanRuntime/7.39.1\"","service":"DevOps learning"}
{"ip":"::1","level":"info","message":"Development tool request allowed","path":"/health","service":"DevOps learning","userAgent":"PostmanRuntime/7.39.1"}
{"level":"info","message":"::1 - - [08/Oct/2025:05:14:12 +0000] \"GET /health HTTP/1.1\" 200 76 \"-\" \"PostmanRuntime/7.39.1\"","service":"DevOps learning"}
{"ip":"::1","level":"info","message":"Development tool request allowed","path":"/health","service":"DevOps learning","userAgent":"PostmanRuntime/7.39.1"}
{"level":"info","message":"::1 - - [08/Oct/2025:05:14:12 +0000] \"GET /health HTTP/1.1\" 200 76 \"-\" \"PostmanRuntime/7.39.1\"","service":"DevOps learning"}
{"ip":"::1","level":"info","message":"Development tool request allowed","path":"/health","service":"DevOps learning","userAgent":"PostmanRuntime/7.39.1"}
{"level":"info","message":"::1 - - [08/Oct/2025:05:14:12 +0000] \"GET /health HTTP/1.1\" 200 76 \"-\" \"PostmanRuntime/7.39.1\"","service":"DevOps learning"}
{"ip":"::1","level":"info","message":"Development tool request allowed","path":"/health","service":"DevOps learning","userAgent":"PostmanRuntime/7.39.1"}
{"level":"info","message":"::1 - - [08/Oct/2025:05:14:13 +0000] \"GET /health HTTP/1.1\" 200 76 \"-\" \"PostmanRuntime/7.39.1\"","service":"DevOps learning"}
{"ip":"::1","level":"info","message":"Development tool request allowed","path":"/health","service":"DevOps learning","userAgent":"PostmanRuntime/7.39.1"}
{"level":"info","message":"::1 - - [08/Oct/2025:05:14:13 +0000] \"GET /health HTTP/1.1\" 200 76 \"-\" \"PostmanRuntime/7.39.1\"","service":"DevOps learning"}
{"ip":"::1","level":"info","message":"Development tool request allowed","path":"/health","service":"DevOps learning","userAgent":"PostmanRuntime/7.39.1"}
{"level":"info","message":"::1 - - [08/Oct/2025:05:14:14 +0000] \"GET /health HTTP/1.1\" 200 76 \"-\" \"PostmanRuntime/7.39.1\"","service":"DevOps learning"}
{"ip":"::1","level":"info","message":"Development tool request allowed","path":"/health","service":"DevOps learning","userAgent":"PostmanRuntime/7.39.1"}
{"level":"info","message":"::1 - - [08/Oct/2025:05:14:14 +0000] \"GET /health HTTP/1.1\" 200 76 \"-\" \"PostmanRuntime/7.39.1\"","service":"DevOps learning"}
{"ip":"::1","level":"info","message":"Development tool request allowed","path":"/health","service":"DevOps learning","userAgent":"PostmanRuntime/7.39.1"}
{"level":"info","message":"::1 - - [08/Oct/2025:05:14:14 +0000] \"GET /health HTTP/1.1\" 200 76 \"-\" \"PostmanRuntime/7.39.1\"","service":"DevOps learning"}
{"ip":"::1","level":"info","message":"Development tool request allowed","path":"/health","service":"DevOps learning","userAgent":"PostmanRuntime/7.39.1"}
{"level":"info","message":"::1 - - [08/Oct/2025:05:14:14 +0000] \"GET /health HTTP/1.1\" 200 76 \"-\" \"PostmanRuntime/7.39.1\"","service":"DevOps learning"}
{"ip":"::1","level":"info","message":"Development tool request allowed","path":"/health","service":"DevOps learning","userAgent":"PostmanRuntime/7.39.1"}
{"level":"info","message":"::1 - - [08/Oct/2025:05:14:15 +0000] \"GET /health HTTP/1.1\" 200 76 \"-\" \"PostmanRuntime/7.39.1\"","service":"DevOps learning"}
{"ip":"::1","level":"info","message":"Development tool request allowed","path":"/health","service":"DevOps learning","userAgent":"PostmanRuntime/7.39.1"}
{"level":"info","message":"::1 - - [08/Oct/2025:05:14:15 +0000] \"GET /health HTTP/1.1\" 200 76 \"-\" \"PostmanRuntime/7.39.1\"","service":"DevOps learning"}
{"ip":"::1","level":"info","message":"Development tool request allowed","path":"/health","service":"DevOps learning","userAgent":"PostmanRuntime/7.39.1"}
{"level":"info","message":"::1 - - [08/Oct/2025:05:14:15 +0000] \"GET /health HTTP/1.1\" 200 76 \"-\" \"PostmanRuntime/7.39.1\"","service":"DevOps learning"}
{"ip":"::1","level":"info","message":"Development tool request allowed","path":"/health","service":"DevOps learning","userAgent":"PostmanRuntime/7.39.1"}
{"level":"info","message":"::1 - - [08/Oct/2025:05:14:15 +0000] \"GET /health HTTP/1.1\" 200 76 \"-\" \"PostmanRuntime/7.39.1\"","service":"DevOps learning"}
{"ip":"::1","level":"info","message":"Development tool request allowed","path":"/health","service":"DevOps learning","userAgent":"PostmanRuntime/7.39.1"}
{"level":"info","message":"::1 - - [08/Oct/2025:05:14:15 +0000] \"GET /health HTTP/1.1\" 200 76 \"-\" \"PostmanRuntime/7.39.1\"","service":"DevOps learning"}
{"ip":"::1","level":"info","message":"Development tool request allowed","path":"/health","service":"DevOps learning","userAgent":"PostmanRuntime/7.39.1"}
{"level":"info","message":"::1 - - [08/Oct/2025:05:14:16 +0000] \"GET /health HTTP/1.1\" 200 76 \"-\" \"PostmanRuntime/7.39.1\"","service":"DevOps learning"}
{"ip":"::1","level":"info","message":"Development tool request allowed","path":"/health","service":"DevOps learning","userAgent":"PostmanRuntime/7.39.1"}
{"level":"info","message":"::1 - - [08/Oct/2025:05:14:16 +0000] \"GET /health HTTP/1.1\" 200 76 \"-\" \"PostmanRuntime/7.39.1\"","service":"DevOps learning"}
{"ip":"::1","level":"info","message":"Development tool request allowed","path":"/health","service":"DevOps learning","userAgent":"PostmanRuntime/7.39.1"}
{"level":"info","message":"::1 - - [08/Oct/2025:05:14:16 +0000] \"GET /health HTTP/1.1\" 200 76 \"-\" \"PostmanRuntime/7.39.1\"","service":"DevOps learning"}
{"ip":"::1","level":"info","message":"Development tool request allowed","path":"/health","service":"DevOps learning","userAgent":"PostmanRuntime/7.39.1"}
{"level":"info","message":"::1 - - [08/Oct/2025:05:14:16 +0000] \"GET /health HTTP/1.1\" 200 76 \"-\" \"PostmanRuntime/7.39.1\"","service":"DevOps learning"}
{"ip":"::1","level":"info","message":"Development tool request allowed","path":"/health","service":"DevOps learning","userAgent":"PostmanRuntime/7.39.1"}
{"level":"info","message":"::1 - - [08/Oct/2025:05:14:17 +0000] \"GET /health HTTP/1.1\" 200 76 \"-\" \"PostmanRuntime/7.39.1\"","service":"DevOps learning"}
{"ip":"::1","level":"info","message":"Development tool request allowed","path":"/health","service":"DevOps learning","userAgent":"PostmanRuntime/7.39.1"}
{"level":"info","message":"::1 - - [08/Oct/2025:05:14:17 +0000] \"GET /health HTTP/1.1\" 200 76 \"-\" \"PostmanRuntime/7.39.1\"","service":"DevOps learning"}
{"ip":"::1","level":"info","message":"Development tool request allowed","path":"/health","service":"DevOps learning","userAgent":"PostmanRuntime/7.39.1"}
{"level":"info","message":"::1 - - [08/Oct/2025:05:14:17 +0000] \"GET /health HTTP/1.1\" 200 76 \"-\" \"PostmanRuntime/7.39.1\"","service":"DevOps learning"}
{"ip":"::1","level":"info","message":"Development tool request allowed","path":"/health","service":"DevOps learning","userAgent":"PostmanRuntime/7.39.1"}
{"level":"info","message":"::1 - - [08/Oct/2025:05:14:17 +0000] \"GET /health HTTP/1.1\" 200 76 \"-\" \"PostmanRuntime/7.39.1\"","service":"DevOps learning"}
{"ip":"::1","level":"info","message":"Development tool request allowed","path":"/health","service":"DevOps learning","userAgent":"PostmanRuntime/7.39.1"}
{"level":"info","message":"::1 - - [08/Oct/2025:05:14:17 +0000] \"GET /health HTTP/1.1\" 200 76 \"-\" \"PostmanRuntime/7.39.1\"","service":"DevOps learning"}
{"ip":"::1","level":"info","message":"Development tool request allowed","path":"/health","service":"DevOps learning","userAgent":"PostmanRuntime/7.39.1"}
{"level":"info","message":"::1 - - [08/Oct/2025:05:14:18 +0000] \"GET /health HTTP/1.1\" 200 76 \"-\" \"PostmanRuntime/7.39.1\"","service":"DevOps learning"}
{"ip":"::1","level":"info","message":"Development tool request allowed","path":"/health","service":"DevOps learning","userAgent":"PostmanRuntime/7.39.1"}
{"level":"info","message":"::1 - - [08/Oct/2025:05:14:18 +0000] \"GET /health HTTP/1.1\" 200 76 \"-\" \"PostmanRuntime/7.39.1\"","service":"DevOps learning"}
{"ip":"::1","level":"info","message":"Development tool request allowed","path":"/health","service":"DevOps learning","userAgent":"PostmanRuntime/7.39.1"}
{"level":"info","message":"::1 - - [08/Oct/2025:05:14:18 +0000] \"GET /health HTTP/1.1\" 200 76 \"-\" \"PostmanRuntime/7.39.1\"","service":"DevOps learning"}
{"ip":"::1","level":"info","message":"Development tool request allowed","path":"/health","service":"DevOps learning","userAgent":"PostmanRuntime/7.39.1"}
{"level":"info","message":"::1 - - [08/Oct/2025:05:14:18 +0000] \"GET /health HTTP/1.1\" 200 76 \"-\" \"PostmanRuntime/7.39.1\"","service":"DevOps learning"}
{"ip":"::1","level":"info","message":"Development tool request allowed","path":"/health","service":"DevOps learning","userAgent":"PostmanRuntime/7.39.1"}
{"level":"info","message":"::1 - - [08/Oct/2025:05:14:18 +0000] \"GET /health HTTP/1.1\" 200 76 \"-\" \"PostmanRuntime/7.39.1\"","service":"DevOps learning"}
{"ip":"::1","level":"info","message":"Development tool request allowed","path":"/health","service":"DevOps learning","userAgent":"PostmanRuntime/7.39.1"}
{"level":"info","message":"::1 - - [08/Oct/2025:05:14:18 +0000] \"GET /health HTTP/1.1\" 200 76 \"-\" \"PostmanRuntime/7.39.1\"","service":"DevOps learning"}
{"ip":"::1","level":"info","message":"Development tool request allowed","path":"/health","service":"DevOps learning","userAgent":"PostmanRuntime/7.39.1"}
{"level":"info","message":"::1 - - [08/Oct/2025:05:14:19 +0000] \"GET /health HTTP/1.1\" 200 75 \"-\" \"PostmanRuntime/7.39.1\"","service":"DevOps learning"}
{"ip":"::1","level":"info","message":"Development tool request allowed","path":"/health","service":"DevOps learning","userAgent":"PostmanRuntime/7.39.1"}
{"level":"info","message":"::1 - - [08/Oct/2025:05:14:19 +0000] \"GET /health HTTP/1.1\" 200 76 \"-\" \"PostmanRuntime/7.39.1\"","service":"DevOps learning"}
{"ip":"::1","level":"info","message":"Development tool request allowed","path":"/health","service":"DevOps learning","userAgent":"PostmanRuntime/7.39.1"}
{"level":"info","message":"::1 - - [08/Oct/2025:05:14:19 +0000] \"GET /health HTTP/1.1\" 200 75 \"-\" \"PostmanRuntime/7.39.1\"","service":"DevOps learning"}
{"ip":"::1","level":"info","message":"Development tool request allowed","path":"/health","service":"DevOps learning","userAgent":"PostmanRuntime/7.39.1"}
{"level":"info","message":"::1 - - [08/Oct/2025:05:14:19 +0000] \"GET /health HTTP/1.1\" 200 76 \"-\" \"PostmanRuntime/7.39.1\"","service":"DevOps learning"}
{"ip":"::1","level":"info","message":"Development tool request allowed","path":"/health","service":"DevOps learning","userAgent":"PostmanRuntime/7.39.1"}
{"level":"info","message":"::1 - - [08/Oct/2025:05:14:19 +0000] \"GET /health HTTP/1.1\" 200 76 \"-\" \"PostmanRuntime/7.39.1\"","service":"DevOps learning"}
{"ip":"::1","level":"info","message":"Development tool request allowed","path":"/health","service":"DevOps learning","userAgent":"PostmanRuntime/7.39.1"}
{"level":"info","message":"::1 - - [08/Oct/2025:05:14:20 +0000] \"GET /health HTTP/1.1\" 200 76 \"-\" \"PostmanRuntime/7.39.1\"","service":"DevOps learning"}
{"ip":"::1","level":"info","message":"Development tool request allowed","path":"/health","service":"DevOps learning","userAgent":"PostmanRuntime/7.39.1"}
{"level":"info","message":"::1 - - [08/Oct/2025:05:14:20 +0000] \"GET /health HTTP/1.1\" 200 76 \"-\" \"PostmanRuntime/7.39.1\"","service":"DevOps learning"}
{"ip":"::1","level":"info","message":"Development tool request allowed","path":"/health","service":"DevOps learning","userAgent":"PostmanRuntime/7.39.1"}
{"level":"info","message":"::1 - - [08/Oct/2025:05:14:20 +0000] \"GET /health HTTP/1.1\" 200 76 \"-\" \"PostmanRuntime/7.39.1\"","service":"DevOps learning"}
{"ip":"::1","level":"info","message":"Development tool request allowed","path":"/health","service":"DevOps learning","userAgent":"PostmanRuntime/7.39.1"}
{"level":"info","message":"::1 - - [08/Oct/2025:05:14:20 +0000] \"GET /health HTTP/1.1\" 200 76 \"-\" \"PostmanRuntime/7.39.1\"","service":"DevOps learning"}
{"ip":"::1","level":"info","message":"Development tool request allowed","path":"/health","service":"DevOps learning","userAgent":"PostmanRuntime/7.39.1"}
{"level":"info","message":"::1 - - [08/Oct/2025:05:14:20 +0000] \"GET /health HTTP/1.1\" 200 76 \"-\" \"PostmanRuntime/7.39.1\"","service":"DevOps learning"}
{"ip":"::1","level":"info","message":"Development tool request allowed","path":"/health","service":"DevOps learning","userAgent":"PostmanRuntime/7.39.1"}
{"level":"info","message":"::1 - - [08/Oct/2025:05:14:20 +0000] \"GET /health HTTP/1.1\" 200 76 \"-\" \"PostmanRuntime/7.39.1\"","service":"DevOps learning"}
{"ip":"::1","level":"info","message":"Development tool request allowed","path":"/health","service":"DevOps learning","userAgent":"PostmanRuntime/7.39.1"}
{"level":"info","message":"::1 - - [08/Oct/2025:05:14:21 +0000] \"GET /health HTTP/1.1\" 200 76 \"-\" \"PostmanRuntime/7.39.1\"","service":"DevOps learning"}
{"ip":"::1","level":"info","message":"Development tool request allowed","path":"/health","service":"DevOps learning","userAgent":"PostmanRuntime/7.39.1"}
{"level":"info","message":"::1 - - [08/Oct/2025:05:14:21 +0000] \"GET /health HTTP/1.1\" 200 76 \"-\" \"PostmanRuntime/7.39.1\"","service":"DevOps learning"}
{"ip":"::1","level":"info","message":"Development tool request allowed","path":"/health","service":"DevOps learning","userAgent":"PostmanRuntime/7.39.1"}
{"level":"info","message":"::1 - - [08/Oct/2025:05:14:21 +0000] \"GET /health HTTP/1.1\" 200 76 \"-\" \"PostmanRuntime/7.39.1\"","service":"DevOps learning"}
{"ip":"::1","level":"info","message":"Development tool request allowed","path":"/health","service":"DevOps learning","userAgent":"PostmanRuntime/7.39.1"}
{"level":"info","message":"::1 - - [08/Oct/2025:05:14:21 +0000] \"GET /health HTTP/1.1\" 200 76 \"-\" \"PostmanRuntime/7.39.1\"","service":"DevOps learning"}
{"ip":"::1","level":"info","message":"Development tool request allowed","path":"/health","service":"DevOps learning","userAgent":"PostmanRuntime/7.39.1"}
{"level":"info","message":"::1 - - [08/Oct/2025:05:14:21 +0000] \"GET /health HTTP/1.1\" 200 76 \"-\" \"PostmanRuntime/7.39.1\"","service":"DevOps learning"}
{"ip":"::1","level":"info","message":"Development tool request allowed","path":"/health","service":"DevOps learning","userAgent":"PostmanRuntime/7.39.1"}
{"level":"info","message":"::1 - - [08/Oct/2025:05:14:22 +0000] \"GET /health HTTP/1.1\" 200 76 \"-\" \"PostmanRuntime/7.39.1\"","service":"DevOps learning"}
{"ip":"::1","level":"info","message":"Development tool request allowed","path":"/health","service":"DevOps learning","userAgent":"PostmanRuntime/7.39.1"}
{"level":"info","message":"::1 - - [08/Oct/2025:05:14:22 +0000] \"GET /health HTTP/1.1\" 200 76 \"-\" \"PostmanRuntime/7.39.1\"","service":"DevOps learning"}
{"ip":"::1","level":"info","message":"Development tool request allowed","path":"/health","service":"DevOps learning","userAgent":"PostmanRuntime/7.39.1"}
{"level":"info","message":"::1 - - [08/Oct/2025:05:14:22 +0000] \"GET /health HTTP/1.1\" 200 75 \"-\" \"PostmanRuntime/7.39.1\"","service":"DevOps learning"}
{"ip":"::1","level":"info","message":"Development tool request allowed","path":"/health","service":"DevOps learning","userAgent":"PostmanRuntime/7.39.1"}
{"level":"info","message":"::1 - - [08/Oct/2025:05:14:22 +0000] \"GET /health HTTP/1.1\" 200 76 \"-\" \"PostmanRuntime/7.39.1\"","service":"DevOps learning"}
{"ip":"::1","level":"info","message":"Development tool request allowed","path":"/health","service":"DevOps learning","userAgent":"PostmanRuntime/7.39.1"}
{"level":"info","message":"::1 - - [08/Oct/2025:05:14:22 +0000] \"GET /health HTTP/1.1\" 200 76 \"-\" \"PostmanRuntime/7.39.1\"","service":"DevOps learning"}
{"ip":"::1","level":"info","message":"Development tool request allowed","path":"/health","service":"DevOps learning","userAgent":"PostmanRuntime/7.39.1"}
{"level":"info","message":"::1 - - [08/Oct/2025:05:14:22 +0000] \"GET /health HTTP/1.1\" 200 76 \"-\" \"PostmanRuntime/7.39.1\"","service":"DevOps learning"}
{"ip":"::1","level":"info","message":"Development tool request allowed","path":"/health","service":"DevOps learning","userAgent":"PostmanRuntime/7.39.1"}
{"level":"info","message":"::1 - - [08/Oct/2025:05:14:23 +0000] \"GET /health HTTP/1.1\" 200 76 \"-\" \"PostmanRuntime/7.39.1\"","service":"DevOps learning"}
{"ip":"::1","level":"info","message":"Development tool request allowed","path":"/health","service":"DevOps learning","userAgent":"PostmanRuntime/7.39.1"}
{"level":"info","message":"::1 - - [08/Oct/2025:05:14:23 +0000] \"GET /health HTTP/1.1\" 200 76 \"-\" \"PostmanRuntime/7.39.1\"","service":"DevOps learning"}
{"ip":"::1","level":"info","message":"Development tool request allowed","path":"/health","service":"DevOps learning","userAgent":"PostmanRuntime/7.39.1"}
{"level":"info","message":"::1 - - [08/Oct/2025:05:14:23 +0000] \"GET /health HTTP/1.1\" 200 76 \"-\" \"PostmanRuntime/7.39.1\"","service":"DevOps learning"}
{"ip":"::1","level":"info","message":"Development tool request allowed","path":"/health","service":"DevOps learning","userAgent":"PostmanRuntime/7.39.1"}
{"level":"info","message":"::1 - - [08/Oct/2025:05:14:23 +0000] \"GET /health HTTP/1.1\" 200 76 \"-\" \"PostmanRuntime/7.39.1\"","service":"DevOps learning"}
{"ip":"::1","level":"info","message":"Development tool request allowed","path":"/health","service":"DevOps learning","userAgent":"PostmanRuntime/7.39.1"}
{"level":"info","message":"::1 - - [08/Oct/2025:05:14:23 +0000] \"GET /health HTTP/1.1\" 200 75 \"-\" \"PostmanRuntime/7.39.1\"","service":"DevOps learning"}
{"ip":"::1","level":"info","message":"Development tool request allowed","path":"/health","service":"DevOps learning","userAgent":"PostmanRuntime/7.39.1"}
{"level":"info","message":"::1 - - [08/Oct/2025:05:14:24 +0000] \"GET /health HTTP/1.1\" 200 76 \"-\" \"PostmanRuntime/7.39.1\"","service":"DevOps learning"}
{"ip":"::1","level":"info","message":"Development tool request allowed","path":"/health","service":"DevOps learning","userAgent":"PostmanRuntime/7.39.1"}
{"level":"info","message":"::1 - - [08/Oct/2025:05:14:24 +0000] \"GET /health HTTP/1.1\" 200 76 \"-\" \"PostmanRuntime/7.39.1\"","service":"DevOps learning"}
{"ip":"::1","level":"info","message":"Development tool request allowed","path":"/health","service":"DevOps learning","userAgent":"PostmanRuntime/7.39.1"}
{"level":"info","message":"::1 - - [08/Oct/2025:05:14:24 +0000] \"GET /health HTTP/1.1\" 200 76 \"-\" \"PostmanRuntime/7.39.1\"","service":"DevOps learning"}
{"ip":"::1","level":"info","message":"Development tool request allowed","path":"/health","service":"DevOps learning","userAgent":"PostmanRuntime/7.39.1"}
{"level":"info","message":"::1 - - [08/Oct/2025:05:14:24 +0000] \"GET /health HTTP/1.1\" 200 76 \"-\" \"PostmanRuntime/7.39.1\"","service":"DevOps learning"}
{"ip":"::1","level":"info","message":"Development tool request allowed","path":"/health","service":"DevOps learning","userAgent":"PostmanRuntime/7.39.1"}
{"level":"info","message":"::1 - - [08/Oct/2025:05:14:24 +0000] \"GET /health HTTP/1.1\" 200 76 \"-\" \"PostmanRuntime/7.39.1\"","service":"DevOps learning"}
{"ip":"::1","level":"info","message":"Development tool request allowed","path":"/health","service":"DevOps learning","userAgent":"PostmanRuntime/7.39.1"}
{"level":"info","message":"::1 - - [08/Oct/2025:05:14:25 +0000] \"GET /health HTTP/1.1\" 200 76 \"-\" \"PostmanRuntime/7.39.1\"","service":"DevOps learning"}
{"ip":"::1","level":"info","message":"Development tool request allowed","path":"/health","service":"DevOps learning","userAgent":"PostmanRuntime/7.39.1"}
{"level":"info","message":"::1 - - [08/Oct/2025:05:14:25 +0000] \"GET /health HTTP/1.1\" 200 76 \"-\" \"PostmanRuntime/7.39.1\"","service":"DevOps learning"}
{"level":"info","message":"::1 - - [08/Oct/2025:05:16:23 +0000] \"GET /health HTTP/1.1\" 200 75 \"-\" \"Mozilla/5.0 (X11; Linux x86_64) AppleWebKit/537.36 (KHTML, like Gecko) Chrome/140.0.0.0 Safari/537.36\"","service":"DevOps learning"}
{"level":"info","message":"::1 - - [08/Oct/2025:05:16:26 +0000] \"GET /health HTTP/1.1\" 200 75 \"-\" \"Mozilla/5.0 (X11; Linux x86_64) AppleWebKit/537.36 (KHTML, like Gecko) Chrome/140.0.0.0 Safari/537.36\"","service":"DevOps learning"}
{"level":"info","message":"::1 - - [08/Oct/2025:05:16:27 +0000] \"GET /health HTTP/1.1\" 200 75 \"-\" \"Mozilla/5.0 (X11; Linux x86_64) AppleWebKit/537.36 (KHTML, like Gecko) Chrome/140.0.0.0 Safari/537.36\"","service":"DevOps learning"}
{"level":"info","message":"::1 - - [08/Oct/2025:05:16:28 +0000] \"GET /health HTTP/1.1\" 200 75 \"-\" \"Mozilla/5.0 (X11; Linux x86_64) AppleWebKit/537.36 (KHTML, like Gecko) Chrome/140.0.0.0 Safari/537.36\"","service":"DevOps learning"}
{"level":"info","message":"::1 - - [08/Oct/2025:05:16:28 +0000] \"GET /health HTTP/1.1\" 200 76 \"-\" \"Mozilla/5.0 (X11; Linux x86_64) AppleWebKit/537.36 (KHTML, like Gecko) Chrome/140.0.0.0 Safari/537.36\"","service":"DevOps learning"}
{"ip":"::1","level":"warn","message":"Rate limit exceeded","method":"GET","path":"/health","service":"DevOps learning","userAgent":"Mozilla/5.0 (X11; Linux x86_64) AppleWebKit/537.36 (KHTML, like Gecko) Chrome/140.0.0.0 Safari/537.36"}
{"level":"info","message":"::1 - - [08/Oct/2025:08:04:41 +0000] \"GET /health HTTP/1.1\" 200 75 \"-\" \"-\"","service":"DevOps learning"}
{"level":"info","message":"::1 - - [08/Oct/2025:08:05:12 +0000] \"GET /health HTTP/1.1\" 200 76 \"-\" \"-\"","service":"DevOps learning"}
{"level":"info","message":"::ffff:192.168.65.1 - - [08/Oct/2025:08:05:37 +0000] \"GET /health HTTP/1.1\" 200 76 \"-\" \"Mozilla/5.0 (X11; Linux x86_64) AppleWebKit/537.36 (KHTML, like Gecko) Chrome/140.0.0.0 Safari/537.36\"","service":"DevOps learning"}
{"level":"info","message":"::1 - - [08/Oct/2025:08:05:42 +0000] \"GET /health HTTP/1.1\" 200 76 \"-\" \"-\"","service":"DevOps learning"}
{"level":"info","message":"::1 - - [08/Oct/2025:08:06:13 +0000] \"GET /health HTTP/1.1\" 200 76 \"-\" \"-\"","service":"DevOps learning"}
{"level":"info","message":"::ffff:192.168.65.1 - - [08/Oct/2025:08:06:25 +0000] \"GET /health HTTP/1.1\" 200 77 \"-\" \"Mozilla/5.0 (X11; Linux x86_64) AppleWebKit/537.36 (KHTML, like Gecko) Chrome/140.0.0.0 Safari/537.36\"","service":"DevOps learning"}
{"level":"info","message":"::1 - - [08/Oct/2025:08:06:43 +0000] \"GET /health HTTP/1.1\" 200 77 \"-\" \"-\"","service":"DevOps learning"}
{"level":"info","message":"::1 - - [08/Oct/2025:08:07:13 +0000] \"GET /health HTTP/1.1\" 200 77 \"-\" \"-\"","service":"DevOps learning"}
{"ip":"::ffff:192.168.65.1","level":"info","message":"Development tool request allowed","path":"/api/auth/sign-up","service":"DevOps learning","userAgent":"PostmanRuntime/7.39.1"}
{"level":"info","message":"User rose@gmail.com created successfully","service":"DevOps learning"}
{"level":"info","message":"User registered successfully: rose@gmail.com","service":"DevOps learning"}
{"level":"info","message":"::ffff:192.168.65.1 - - [08/Oct/2025:08:07:24 +0000] \"POST /api/auth/sign-up HTTP/1.1\" 201 111 \"-\" \"PostmanRuntime/7.39.1\"","service":"DevOps learning"}
{"level":"info","message":"::1 - - [08/Oct/2025:08:07:44 +0000] \"GET /health HTTP/1.1\" 200 77 \"-\" \"-\"","service":"DevOps learning"}
{"level":"info","message":"::1 - - [08/Oct/2025:08:08:15 +0000] \"GET /health HTTP/1.1\" 200 77 \"-\" \"-\"","service":"DevOps learning"}
{"level":"info","message":"::1 - - [08/Oct/2025:08:08:46 +0000] \"GET /health HTTP/1.1\" 200 77 \"-\" \"-\"","service":"DevOps learning"}
{"level":"info","message":"::1 - - [08/Oct/2025:08:09:18 +0000] \"GET /health HTTP/1.1\" 200 77 \"-\" \"-\"","service":"DevOps learning"}
{"level":"info","message":"::1 - - [08/Oct/2025:08:09:49 +0000] \"GET /health HTTP/1.1\" 200 77 \"-\" \"-\"","service":"DevOps learning"}
{"level":"info","message":"::1 - - [08/Oct/2025:08:10:20 +0000] \"GET /health HTTP/1.1\" 200 77 \"-\" \"-\"","service":"DevOps learning"}
{"level":"info","message":"::1 - - [08/Oct/2025:08:10:51 +0000] \"GET /health HTTP/1.1\" 200 77 \"-\" \"-\"","service":"DevOps learning"}
{"level":"info","message":"::1 - - [08/Oct/2025:08:11:22 +0000] \"GET /health HTTP/1.1\" 200 77 \"-\" \"-\"","service":"DevOps learning"}
{"level":"info","message":"::1 - - [08/Oct/2025:08:11:54 +0000] \"GET /health HTTP/1.1\" 200 77 \"-\" \"-\"","service":"DevOps learning"}
{"level":"info","message":"::1 - - [08/Oct/2025:08:12:25 +0000] \"GET /health HTTP/1.1\" 200 77 \"-\" \"-\"","service":"DevOps learning"}
{"level":"info","message":"::1 - - [08/Oct/2025:08:12:56 +0000] \"GET /health HTTP/1.1\" 200 77 \"-\" \"-\"","service":"DevOps learning"}
{"level":"info","message":"::1 - - [08/Oct/2025:08:13:27 +0000] \"GET /health HTTP/1.1\" 200 77 \"-\" \"-\"","service":"DevOps learning"}
{"level":"info","message":"::1 - - [08/Oct/2025:08:13:59 +0000] \"GET /health HTTP/1.1\" 200 77 \"-\" \"-\"","service":"DevOps learning"}
{"level":"info","message":"::1 - - [08/Oct/2025:08:14:30 +0000] \"GET /health HTTP/1.1\" 200 77 \"-\" \"-\"","service":"DevOps learning"}
{"ip":"::1","level":"info","message":"Request without User-Agent header allowed (likely internal/health check)","method":"GET","path":"/health","service":"DevOps learning"}
{"level":"info","message":"::1 - - [08/Oct/2025:08:24:15 +0000] \"GET /health HTTP/1.1\" 200 75 \"-\" \"-\"","service":"DevOps learning"}
{"level":"info","message":"::ffff:192.168.65.1 - - [08/Oct/2025:08:24:27 +0000] \"GET /health HTTP/1.1\" 200 76 \"-\" \"Mozilla/5.0 (X11; Linux x86_64) AppleWebKit/537.36 (KHTML, like Gecko) Chrome/140.0.0.0 Safari/537.36\"","service":"DevOps learning"}
{"level":"info","message":"::ffff:192.168.65.1 - - [08/Oct/2025:08:24:41 +0000] \"GET /health HTTP/1.1\" 200 76 \"-\" \"Mozilla/5.0 (X11; Linux x86_64) AppleWebKit/537.36 (KHTML, like Gecko) Chrome/140.0.0.0 Safari/537.36\"","service":"DevOps learning"}
{"ip":"::1","level":"info","message":"Request without User-Agent header allowed (likely internal/health check)","method":"GET","path":"/health","service":"DevOps learning"}
{"level":"info","message":"::1 - - [08/Oct/2025:08:24:45 +0000] \"GET /health HTTP/1.1\" 200 76 \"-\" \"-\"","service":"DevOps learning"}
{"ip":"::1","level":"info","message":"Request without User-Agent header allowed (likely internal/health check)","method":"GET","path":"/health","service":"DevOps learning"}
{"level":"info","message":"::1 - - [08/Oct/2025:08:25:16 +0000] \"GET /health HTTP/1.1\" 200 76 \"-\" \"-\"","service":"DevOps learning"}
{"ip":"::1","level":"info","message":"Request without User-Agent header allowed (likely internal/health check)","method":"GET","path":"/health","service":"DevOps learning"}
{"level":"info","message":"::1 - - [08/Oct/2025:08:25:46 +0000] \"GET /health HTTP/1.1\" 200 76 \"-\" \"-\"","service":"DevOps learning"}
{"ip":"::1","level":"info","message":"Request without User-Agent header allowed (likely internal/health check)","method":"GET","path":"/health","service":"DevOps learning"}
{"level":"info","message":"::1 - - [08/Oct/2025:08:26:16 +0000] \"GET /health HTTP/1.1\" 200 77 \"-\" \"-\"","service":"DevOps learning"}
{"ip":"::ffff:192.168.65.1","level":"info","message":"Development tool request allowed","path":"/api/auth/sign-in","service":"DevOps learning","userAgent":"PostmanRuntime/7.39.1"}
{"level":"error","message":"Error authenticating user: Error: Invalid credentials","service":"DevOps learning"}
{"level":"error","message":"Signin error Invalid credentials","service":"DevOps learning","stack":"Error: Invalid credentials\n    at authenticateUser (file:///app/src/services/auth.service.js:71:19)\n    at process.processTicksAndRejections (node:internal/process/task_queues:95:5)\n    at async signin (file:///app/src/controllers/auth.controller.js:61:22)"}
{"level":"info","message":"::ffff:192.168.65.1 - - [08/Oct/2025:08:26:22 +0000] \"POST /api/auth/sign-in HTTP/1.1\" 401 37 \"-\" \"PostmanRuntime/7.39.1\"","service":"DevOps learning"}
{"ip":"::1","level":"info","message":"Request without User-Agent header allowed (likely internal/health check)","method":"GET","path":"/health","service":"DevOps learning"}
{"level":"info","message":"::1 - - [08/Oct/2025:08:26:46 +0000] \"GET /health HTTP/1.1\" 200 77 \"-\" \"-\"","service":"DevOps learning"}
{"ip":"::ffff:192.168.65.1","level":"info","message":"Development tool request allowed","path":"/api/auth/sign-up","service":"DevOps learning","userAgent":"PostmanRuntime/7.39.1"}
{"level":"info","message":"User rose@gmail.com created successfully","service":"DevOps learning"}
{"level":"info","message":"User registered successfully: rose@gmail.com","service":"DevOps learning"}
{"level":"info","message":"::ffff:192.168.65.1 - - [08/Oct/2025:08:26:52 +0000] \"POST /api/auth/sign-up HTTP/1.1\" 201 111 \"-\" \"PostmanRuntime/7.39.1\"","service":"DevOps learning"}
{"ip":"::ffff:192.168.65.1","level":"info","message":"Development tool request allowed","path":"/api/auth/sign-in","service":"DevOps learning","userAgent":"PostmanRuntime/7.39.1"}
{"level":"info","message":"User signed in successfully: rose@gmail.com","service":"DevOps learning"}
{"level":"info","message":"::ffff:192.168.65.1 - - [08/Oct/2025:08:26:57 +0000] \"POST /api/auth/sign-in HTTP/1.1\" 200 310 \"-\" \"PostmanRuntime/7.39.1\"","service":"DevOps learning"}
{"ip":"::1","level":"info","message":"Request without User-Agent header allowed (likely internal/health check)","method":"GET","path":"/health","service":"DevOps learning"}
{"level":"info","message":"::1 - - [08/Oct/2025:08:39:46 +0000] \"GET /health HTTP/1.1\" 200 74 \"-\" \"-\"","service":"DevOps learning"}
{"ip":"::1","level":"info","message":"Request without User-Agent header allowed (likely internal/health check)","method":"GET","path":"/health","service":"DevOps learning"}
{"level":"info","message":"::1 - - [08/Oct/2025:08:40:16 +0000] \"GET /health HTTP/1.1\" 200 76 \"-\" \"-\"","service":"DevOps learning"}
{"ip":"::1","level":"info","message":"Request without User-Agent header allowed (likely internal/health check)","method":"GET","path":"/health","service":"DevOps learning"}
{"level":"info","message":"::1 - - [08/Oct/2025:08:40:46 +0000] \"GET /health HTTP/1.1\" 200 75 \"-\" \"-\"","service":"DevOps learning"}
{"ip":"::ffff:172.23.0.1","level":"info","message":"Development tool request allowed","path":"/api/users/","service":"DevOps learning","userAgent":"PostmanRuntime/7.39.1"}
{"ip":"::ffff:172.23.0.1","level":"info","message":"Development tool request allowed","path":"/","service":"DevOps learning","userAgent":"PostmanRuntime/7.39.1"}
{"level":"info","message":"Retrieved 2 users","service":"DevOps learning"}
{"level":"info","message":"Retrieved 2 users","service":"DevOps learning"}
{"level":"info","message":"::ffff:172.23.0.1 - - [08/Oct/2025:08:40:52 +0000] \"GET /api/users/ HTTP/1.1\" 200 353 \"-\" \"PostmanRuntime/7.39.1\"","service":"DevOps learning"}
{"ip":"::1","level":"info","message":"Request without User-Agent header allowed (likely internal/health check)","method":"GET","path":"/health","service":"DevOps learning"}
{"level":"info","message":"::1 - - [08/Oct/2025:08:41:16 +0000] \"GET /health HTTP/1.1\" 200 76 \"-\" \"-\"","service":"DevOps learning"}
{"ip":"::1","level":"info","message":"Request without User-Agent header allowed (likely internal/health check)","method":"GET","path":"/health","service":"DevOps learning"}
{"level":"info","message":"::1 - - [08/Oct/2025:08:41:46 +0000] \"GET /health HTTP/1.1\" 200 77 \"-\" \"-\"","service":"DevOps learning"}
{"ip":"::ffff:172.23.0.1","level":"info","message":"Development tool request allowed","path":"/api/users/1","service":"DevOps learning","userAgent":"PostmanRuntime/7.39.1"}
{"ip":"::ffff:172.23.0.1","level":"info","message":"Development tool request allowed","path":"/1","service":"DevOps learning","userAgent":"PostmanRuntime/7.39.1"}
{"level":"info","message":"Retrieved user with ID: 1","service":"DevOps learning"}
{"level":"info","message":"Retrieved user with ID: 1","service":"DevOps learning"}
{"level":"info","message":"::ffff:172.23.0.1 - - [08/Oct/2025:08:41:51 +0000] \"GET /api/users/1 HTTP/1.1\" 200 196 \"-\" \"PostmanRuntime/7.39.1\"","service":"DevOps learning"}
{"ip":"::ffff:172.23.0.1","level":"info","message":"Development tool request allowed","path":"/api/users/3","service":"DevOps learning","userAgent":"PostmanRuntime/7.39.1"}
{"ip":"::ffff:172.23.0.1","level":"info","message":"Development tool request allowed","path":"/3","service":"DevOps learning","userAgent":"PostmanRuntime/7.39.1"}
{"level":"info","message":"::ffff:172.23.0.1 - - [08/Oct/2025:08:41:57 +0000] \"GET /api/users/3 HTTP/1.1\" 401 45 \"-\" \"PostmanRuntime/7.39.1\"","service":"DevOps learning"}
{"ip":"::ffff:172.23.0.1","level":"info","message":"Development tool request allowed","path":"/api/users/2","service":"DevOps learning","userAgent":"PostmanRuntime/7.39.1"}
{"ip":"::ffff:172.23.0.1","level":"info","message":"Development tool request allowed","path":"/2","service":"DevOps learning","userAgent":"PostmanRuntime/7.39.1"}
{"level":"info","message":"::ffff:172.23.0.1 - - [08/Oct/2025:08:42:01 +0000] \"GET /api/users/2 HTTP/1.1\" 401 45 \"-\" \"PostmanRuntime/7.39.1\"","service":"DevOps learning"}
{"ip":"::ffff:172.23.0.1","level":"info","message":"Development tool request allowed","path":"/api/users/1","service":"DevOps learning","userAgent":"PostmanRuntime/7.39.1"}
{"ip":"::ffff:172.23.0.1","level":"info","message":"Development tool request allowed","path":"/1","service":"DevOps learning","userAgent":"PostmanRuntime/7.39.1"}
{"level":"info","message":"::ffff:172.23.0.1 - - [08/Oct/2025:08:42:04 +0000] \"GET /api/users/1 HTTP/1.1\" 401 45 \"-\" \"PostmanRuntime/7.39.1\"","service":"DevOps learning"}
{"ip":"::1","level":"info","message":"Request without User-Agent header allowed (likely internal/health check)","method":"GET","path":"/health","service":"DevOps learning"}
{"level":"info","message":"::1 - - [08/Oct/2025:08:42:16 +0000] \"GET /health HTTP/1.1\" 200 77 \"-\" \"-\"","service":"DevOps learning"}
{"ip":"::1","level":"info","message":"Request without User-Agent header allowed (likely internal/health check)","method":"GET","path":"/health","service":"DevOps learning"}
{"level":"info","message":"::1 - - [08/Oct/2025:08:42:47 +0000] \"GET /health HTTP/1.1\" 200 77 \"-\" \"-\"","service":"DevOps learning"}
{"ip":"::ffff:172.23.0.1","level":"info","message":"Development tool request allowed","path":"/api/auth/sign-in","service":"DevOps learning","userAgent":"PostmanRuntime/7.39.1"}
{"level":"error","message":"Error authenticating user: Error: Invalid credentials","service":"DevOps learning"}
{"level":"error","message":"Signin error Invalid credentials","service":"DevOps learning","stack":"Error: Invalid credentials\n    at authenticateUser (file:///app/src/services/auth.service.js:71:19)\n    at process.processTicksAndRejections (node:internal/process/task_queues:95:5)\n    at async signin (file:///app/src/controllers/auth.controller.js:61:22)"}
{"level":"info","message":"::ffff:172.23.0.1 - - [08/Oct/2025:08:43:06 +0000] \"POST /api/auth/sign-in HTTP/1.1\" 401 37 \"-\" \"PostmanRuntime/7.39.1\"","service":"DevOps learning"}
{"ip":"::1","level":"info","message":"Request without User-Agent header allowed (likely internal/health check)","method":"GET","path":"/health","service":"DevOps learning"}
{"level":"info","message":"::1 - - [08/Oct/2025:08:43:17 +0000] \"GET /health HTTP/1.1\" 200 77 \"-\" \"-\"","service":"DevOps learning"}
{"ip":"::ffff:172.23.0.1","level":"info","message":"Development tool request allowed","path":"/api/auth/sign-up","service":"DevOps learning","userAgent":"PostmanRuntime/7.39.1"}
{"level":"info","message":"User rose@gmail.com created successfully","service":"DevOps learning"}
{"level":"info","message":"User registered successfully: rose@gmail.com","service":"DevOps learning"}
{"level":"info","message":"::ffff:172.23.0.1 - - [08/Oct/2025:08:43:19 +0000] \"POST /api/auth/sign-up HTTP/1.1\" 201 112 \"-\" \"PostmanRuntime/7.39.1\"","service":"DevOps learning"}
{"ip":"::ffff:172.23.0.1","level":"info","message":"Development tool request allowed","path":"/api/auth/sign-in","service":"DevOps learning","userAgent":"PostmanRuntime/7.39.1"}
{"level":"info","message":"User signed in successfully: rose@gmail.com","service":"DevOps learning"}
{"level":"info","message":"::ffff:172.23.0.1 - - [08/Oct/2025:08:43:22 +0000] \"POST /api/auth/sign-in HTTP/1.1\" 200 313 \"-\" \"PostmanRuntime/7.39.1\"","service":"DevOps learning"}
{"ip":"::1","level":"info","message":"Request without User-Agent header allowed (likely internal/health check)","method":"GET","path":"/health","service":"DevOps learning"}
{"level":"info","message":"::1 - - [08/Oct/2025:08:43:47 +0000] \"GET /health HTTP/1.1\" 200 77 \"-\" \"-\"","service":"DevOps learning"}
{"ip":"::ffff:172.23.0.1","level":"info","message":"Development tool request allowed","path":"/api/users/","service":"DevOps learning","userAgent":"PostmanRuntime/7.39.1"}
{"ip":"::ffff:172.23.0.1","level":"info","message":"Development tool request allowed","path":"/","service":"DevOps learning","userAgent":"PostmanRuntime/7.39.1"}
{"level":"info","message":"Retrieved 3 users","service":"DevOps learning"}
{"level":"info","message":"Retrieved 3 users","service":"DevOps learning"}
{"level":"info","message":"::ffff:172.23.0.1 - - [08/Oct/2025:08:43:51 +0000] \"GET /api/users/ HTTP/1.1\" 200 496 \"-\" \"PostmanRuntime/7.39.1\"","service":"DevOps learning"}
{"ip":"::ffff:172.23.0.1","level":"info","message":"Development tool request allowed","path":"/api/users/1","service":"DevOps learning","userAgent":"PostmanRuntime/7.39.1"}
{"ip":"::ffff:172.23.0.1","level":"info","message":"Development tool request allowed","path":"/1","service":"DevOps learning","userAgent":"PostmanRuntime/7.39.1"}
{"level":"info","message":"Retrieved user with ID: 1","service":"DevOps learning"}
{"level":"info","message":"Retrieved user with ID: 1","service":"DevOps learning"}
{"level":"info","message":"::ffff:172.23.0.1 - - [08/Oct/2025:08:44:00 +0000] \"GET /api/users/1 HTTP/1.1\" 200 196 \"-\" \"PostmanRuntime/7.39.1\"","service":"DevOps learning"}
{"ip":"::1","level":"info","message":"Request without User-Agent header allowed (likely internal/health check)","method":"GET","path":"/health","service":"DevOps learning"}
{"level":"info","message":"::1 - - [08/Oct/2025:08:44:17 +0000] \"GET /health HTTP/1.1\" 200 76 \"-\" \"-\"","service":"DevOps learning"}
{"ip":"::1","level":"info","message":"Request without User-Agent header allowed (likely internal/health check)","method":"GET","path":"/health","service":"DevOps learning"}
{"level":"info","message":"::1 - - [08/Oct/2025:08:44:47 +0000] \"GET /health HTTP/1.1\" 200 77 \"-\" \"-\"","service":"DevOps learning"}
{"ip":"::1","level":"info","message":"Request without User-Agent header allowed (likely internal/health check)","method":"GET","path":"/health","service":"DevOps learning"}
{"level":"info","message":"::1 - - [08/Oct/2025:08:45:17 +0000] \"GET /health HTTP/1.1\" 200 77 \"-\" \"-\"","service":"DevOps learning"}
{"ip":"::1","level":"info","message":"Request without User-Agent header allowed (likely internal/health check)","method":"GET","path":"/health","service":"DevOps learning"}
{"level":"info","message":"::1 - - [08/Oct/2025:08:45:47 +0000] \"GET /health HTTP/1.1\" 200 77 \"-\" \"-\"","service":"DevOps learning"}
{"ip":"::ffff:172.23.0.1","level":"info","message":"Development tool request allowed","path":"/api/users/1","service":"DevOps learning","userAgent":"PostmanRuntime/7.39.1"}
{"ip":"::ffff:172.23.0.1","level":"info","message":"Development tool request allowed","path":"/1","service":"DevOps learning","userAgent":"PostmanRuntime/7.39.1"}
{"level":"info","message":"Retrieved user with ID: 1","service":"DevOps learning"}
{"level":"info","message":"Retrieved user with ID: 1","service":"DevOps learning"}
{"level":"info","message":"::ffff:172.23.0.1 - - [08/Oct/2025:08:45:52 +0000] \"GET /api/users/1 HTTP/1.1\" 200 196 \"-\" \"PostmanRuntime/7.39.1\"","service":"DevOps learning"}
{"ip":"::ffff:172.23.0.1","level":"info","message":"Development tool request allowed","path":"/api/users/1","service":"DevOps learning","userAgent":"PostmanRuntime/7.39.1"}
{"ip":"::ffff:172.23.0.1","level":"info","message":"Development tool request allowed","path":"/1","service":"DevOps learning","userAgent":"PostmanRuntime/7.39.1"}
{"level":"info","message":"Retrieved user with ID: 1","service":"DevOps learning"}
{"level":"info","message":"User with ID 1 updated successfully","service":"DevOps learning"}
{"level":"info","message":"User with ID 1 updated successfully by user 3","service":"DevOps learning"}
{"level":"info","message":"::ffff:172.23.0.1 - - [08/Oct/2025:08:46:03 +0000] \"PUT /api/users/1 HTTP/1.1\" 200 190 \"-\" \"PostmanRuntime/7.39.1\"","service":"DevOps learning"}
{"ip":"::1","level":"info","message":"Request without User-Agent header allowed (likely internal/health check)","method":"GET","path":"/health","service":"DevOps learning"}
{"level":"info","message":"::1 - - [08/Oct/2025:08:46:17 +0000] \"GET /health HTTP/1.1\" 200 77 \"-\" \"-\"","service":"DevOps learning"}
{"ip":"::1","level":"info","message":"Request without User-Agent header allowed (likely internal/health check)","method":"GET","path":"/health","service":"DevOps learning"}
{"level":"info","message":"::1 - - [08/Oct/2025:08:46:48 +0000] \"GET /health HTTP/1.1\" 200 76 \"-\" \"-\"","service":"DevOps learning"}
{"ip":"::ffff:172.23.0.1","level":"info","message":"Development tool request allowed","path":"/api/users/2","service":"DevOps learning","userAgent":"PostmanRuntime/7.39.1"}
{"ip":"::ffff:172.23.0.1","level":"info","message":"Development tool request allowed","path":"/2","service":"DevOps learning","userAgent":"PostmanRuntime/7.39.1"}
{"level":"info","message":"Retrieved 3 users","service":"DevOps learning"}
{"level":"info","message":"Retrieved user with ID: 2","service":"DevOps learning"}
{"level":"info","message":"User with ID 2 deleted successfully","service":"DevOps learning"}
{"level":"info","message":"User with ID 2 deleted successfully by user 3","service":"DevOps learning"}
{"level":"info","message":"::ffff:172.23.0.1 - - [08/Oct/2025:08:47:02 +0000] \"DELETE /api/users/2 HTTP/1.1\" 200 109 \"-\" \"PostmanRuntime/7.39.1\"","service":"DevOps learning"}
{"ip":"::ffff:172.23.0.1","level":"info","message":"Development tool request allowed","path":"/api/users/","service":"DevOps learning","userAgent":"PostmanRuntime/7.39.1"}
{"ip":"::ffff:172.23.0.1","level":"info","message":"Development tool request allowed","path":"/","service":"DevOps learning","userAgent":"PostmanRuntime/7.39.1"}
{"level":"info","message":"Retrieved 2 users","service":"DevOps learning"}
{"level":"info","message":"Retrieved 2 users","service":"DevOps learning"}
{"level":"info","message":"::ffff:172.23.0.1 - - [08/Oct/2025:08:47:10 +0000] \"GET /api/users/ HTTP/1.1\" 200 349 \"-\" \"PostmanRuntime/7.39.1\"","service":"DevOps learning"}
{"ip":"::1","level":"info","message":"Request without User-Agent header allowed (likely internal/health check)","method":"GET","path":"/health","service":"DevOps learning"}
{"level":"info","message":"::1 - - [08/Oct/2025:08:47:18 +0000] \"GET /health HTTP/1.1\" 200 77 \"-\" \"-\"","service":"DevOps learning"}
{"ip":"::1","level":"info","message":"Request without User-Agent header allowed (likely internal/health check)","method":"GET","path":"/health","service":"DevOps learning"}
{"level":"info","message":"::1 - - [08/Oct/2025:08:47:48 +0000] \"GET /health HTTP/1.1\" 200 77 \"-\" \"-\"","service":"DevOps learning"}
{"ip":"::1","level":"info","message":"Request without User-Agent header allowed (likely internal/health check)","method":"GET","path":"/health","service":"DevOps learning"}
{"level":"info","message":"::1 - - [08/Oct/2025:08:48:18 +0000] \"GET /health HTTP/1.1\" 200 77 \"-\" \"-\"","service":"DevOps learning"}
{"ip":"::1","level":"info","message":"Request without User-Agent header allowed (likely internal/health check)","method":"GET","path":"/health","service":"DevOps learning"}
{"level":"info","message":"::1 - - [08/Oct/2025:08:48:48 +0000] \"GET /health HTTP/1.1\" 200 77 \"-\" \"-\"","service":"DevOps learning"}
{"ip":"::1","level":"info","message":"Request without User-Agent header allowed (likely internal/health check)","method":"GET","path":"/health","service":"DevOps learning"}
{"level":"info","message":"::1 - - [08/Oct/2025:08:49:18 +0000] \"GET /health HTTP/1.1\" 200 77 \"-\" \"-\"","service":"DevOps learning"}
{"ip":"::1","level":"info","message":"Request without User-Agent header allowed (likely internal/health check)","method":"GET","path":"/health","service":"DevOps learning"}
{"level":"info","message":"::1 - - [08/Oct/2025:08:49:48 +0000] \"GET /health HTTP/1.1\" 200 77 \"-\" \"-\"","service":"DevOps learning"}
{"ip":"::ffff:127.0.0.1","level":"info","message":"Request without User-Agent header allowed (likely internal/health check)","method":"GET","path":"/health","service":"DevOps learning"}
{"level":"info","message":"::ffff:127.0.0.1 - - [08/Oct/2025:09:25:50 +0000] \"GET /health HTTP/1.1\" 200 75 \"-\" \"-\"","service":"DevOps learning"}
{"ip":"::ffff:127.0.0.1","level":"info","message":"Request without User-Agent header allowed (likely internal/health check)","method":"GET","path":"/api","service":"DevOps learning"}
{"level":"info","message":"::ffff:127.0.0.1 - - [08/Oct/2025:09:25:50 +0000] \"GET /api HTTP/1.1\" 200 36 \"-\" \"-\"","service":"DevOps learning"}
{"ip":"::ffff:127.0.0.1","level":"info","message":"Request without User-Agent header allowed (likely internal/health check)","method":"GET","path":"/nonexistent","service":"DevOps learning"}
{"level":"info","message":"::ffff:127.0.0.1 - - [08/Oct/2025:09:25:50 +0000] \"GET /nonexistent HTTP/1.1\" 404 27 \"-\" \"-\"","service":"DevOps learning"}
{"ip":"::ffff:127.0.0.1","level":"info","message":"Request without User-Agent header allowed (likely internal/health check)","method":"GET","path":"/health","service":"DevOps learning"}
{"level":"info","message":"::ffff:127.0.0.1 - - [08/Oct/2025:09:26:40 +0000] \"GET /health HTTP/1.1\" 200 75 \"-\" \"-\"","service":"DevOps learning"}
{"ip":"::ffff:127.0.0.1","level":"info","message":"Request without User-Agent header allowed (likely internal/health check)","method":"GET","path":"/api","service":"DevOps learning"}
{"level":"info","message":"::ffff:127.0.0.1 - - [08/Oct/2025:09:26:40 +0000] \"GET /api HTTP/1.1\" 200 36 \"-\" \"-\"","service":"DevOps learning"}
{"ip":"::ffff:127.0.0.1","level":"info","message":"Request without User-Agent header allowed (likely internal/health check)","method":"GET","path":"/nonexistent","service":"DevOps learning"}
{"level":"info","message":"::ffff:127.0.0.1 - - [08/Oct/2025:09:26:40 +0000] \"GET /nonexistent HTTP/1.1\" 404 27 \"-\" \"-\"","service":"DevOps learning"}
